<?xml version="1.0" encoding="UTF-8"?>
<!-- Generated by org.testng.reporters.JUnitReportReporter -->
<testsuite hostname="DESKTOP-N16SQJ3" failures="0" tests="2" name="tests.LoginTest" time="50.326" errors="0" timestamp="22 Feb 2023 18:26:09 GMT" skipped="0">
  <testcase classname="tests.LoginTest" name="login" time="30.716"/>
  <testcase classname="tests.LoginTest" name="login" time="19.610"/>
</testsuite> <!-- tests.LoginTest -->
