<?xml version="1.0" encoding="UTF-8"?>
<!-- Generated by org.testng.reporters.JUnitReportReporter -->
<testsuite hostname="DESKTOP-N16SQJ3" failures="0" tests="1" name="tests.TestThree" time="0.001" errors="0" timestamp="22 Feb 2023 18:26:09 GMT" skipped="0">
  <testcase classname="tests.TestThree" name="TestThree" time="0.001"/>
</testsuite> <!-- tests.TestThree -->
