<?xml version="1.0" encoding="UTF-8"?>
<!-- Generated by org.testng.reporters.JUnitReportReporter -->
<testsuite hostname="DESKTOP-N16SQJ3" failures="0" tests="1" name="runner.Runner" time="32.707" errors="0" timestamp="23 Feb 2023 23:18:40 GMT" skipped="0">
  <testcase classname="runner.Runner" name="runScenario" time="32.707"/>
</testsuite> <!-- runner.Runner -->
